instruction memory:
	instrMem[ 0 ] = lw 0 1 3
	instrMem[ 1 ] = sw 0 1 1
	instrMem[ 2 ] = halt
	instrMem[ 3 ] = add 0 0 12345

@@@
state before cycle 0 starts:
	pc = 0
	data memory:
		dataMem[ 0 ] = 8454147
		dataMem[ 1 ] = 12648449
		dataMem[ 2 ] = 25165824
		dataMem[ 3 ] = 12345
	registers:
		reg[ 0 ] = 0
		reg[ 1 ] = 0
		reg[ 2 ] = 0
		reg[ 3 ] = 0
		reg[ 4 ] = 0
		reg[ 5 ] = 0
		reg[ 6 ] = 0
		reg[ 7 ] = 0
	IF/ID pipeline register:
		instruction = 29360128 ( noop )
		pcPlus1 = 0 (Don't Care)
	ID/EX pipeline register:
		instruction = 29360128 ( noop )
		pcPlus1 = 0 (Don't Care)
		readRegA = 0 (Don't Care)
		readRegB = 0 (Don't Care)
		offset = 0 (Don't Care)
	EX/MEM pipeline register:
		instruction = 29360128 ( noop )
		branchTarget 0 (Don't Care)
		eq ? False (Don't Care)
		aluResult = 0 (Don't Care)
		readRegB = 0 (Don't Care)
	MEM/WB pipeline register:
		instruction = 29360128 ( noop )
		writeData = 0 (Don't Care)
	WB/END pipeline register:
		instruction = 29360128 ( noop )
		writeData = 0 (Don't Care)
end state

@@@
state before cycle 1 starts:
	pc = 1
	data memory:
		dataMem[ 0 ] = 8454147
		dataMem[ 1 ] = 12648449
		dataMem[ 2 ] = 25165824
		dataMem[ 3 ] = 12345
	registers:
		reg[ 0 ] = 0
		reg[ 1 ] = 0
		reg[ 2 ] = 0
		reg[ 3 ] = 0
		reg[ 4 ] = 0
		reg[ 5 ] = 0
		reg[ 6 ] = 0
		reg[ 7 ] = 0
	IF/ID pipeline register:
		instruction = 8454147 ( lw 0 1 3 )
		pcPlus1 = 1
	ID/EX pipeline register:
		instruction = 29360128 ( noop )
		pcPlus1 = 0 (Don't Care)
		readRegA = 0 (Don't Care)
		readRegB = 0 (Don't Care)
		offset = 0 (Don't Care)
	EX/MEM pipeline register:
		instruction = 29360128 ( noop )
		branchTarget 0 (Don't Care)
		eq ? False (Don't Care)
		aluResult = 0 (Don't Care)
		readRegB = 0 (Don't Care)
	MEM/WB pipeline register:
		instruction = 29360128 ( noop )
		writeData = 0 (Don't Care)
	WB/END pipeline register:
		instruction = 29360128 ( noop )
		writeData = 0 (Don't Care)
end state

@@@
state before cycle 2 starts:
	pc = 2
	data memory:
		dataMem[ 0 ] = 8454147
		dataMem[ 1 ] = 12648449
		dataMem[ 2 ] = 25165824
		dataMem[ 3 ] = 12345
	registers:
		reg[ 0 ] = 0
		reg[ 1 ] = 0
		reg[ 2 ] = 0
		reg[ 3 ] = 0
		reg[ 4 ] = 0
		reg[ 5 ] = 0
		reg[ 6 ] = 0
		reg[ 7 ] = 0
	IF/ID pipeline register:
		instruction = 12648449 ( sw 0 1 1 )
		pcPlus1 = 2
	ID/EX pipeline register:
		instruction = 8454147 ( lw 0 1 3 )
		pcPlus1 = 1
		readRegA = 0
		readRegB = 0 (Don't Care)
		offset = 3
	EX/MEM pipeline register:
		instruction = 29360128 ( noop )
		branchTarget 0 (Don't Care)
		eq ? False (Don't Care)
		aluResult = 0 (Don't Care)
		readRegB = 0 (Don't Care)
	MEM/WB pipeline register:
		instruction = 29360128 ( noop )
		writeData = 0 (Don't Care)
	WB/END pipeline register:
		instruction = 29360128 ( noop )
		writeData = 0 (Don't Care)
end state

@@@
state before cycle 3 starts:
	pc = 3
	data memory:
		dataMem[ 0 ] = 8454147
		dataMem[ 1 ] = 12648449
		dataMem[ 2 ] = 25165824
		dataMem[ 3 ] = 12345
	registers:
		reg[ 0 ] = 0
		reg[ 1 ] = 0
		reg[ 2 ] = 0
		reg[ 3 ] = 0
		reg[ 4 ] = 0
		reg[ 5 ] = 0
		reg[ 6 ] = 0
		reg[ 7 ] = 0
	IF/ID pipeline register:
		instruction = 25165824 ( halt )
		pcPlus1 = 3
	ID/EX pipeline register:
		instruction = 12648449 ( sw 0 1 1 )
		pcPlus1 = 2
		readRegA = 0
		readRegB = 0
		offset = 1
	EX/MEM pipeline register:
		instruction = 8454147 ( lw 0 1 3 )
		branchTarget 4 (Don't Care)
		eq ? False (Don't Care)
		aluResult = 3
		readRegB = 0 (Don't Care)
	MEM/WB pipeline register:
		instruction = 29360128 ( noop )
		writeData = 0 (Don't Care)
	WB/END pipeline register:
		instruction = 29360128 ( noop )
		writeData = 0 (Don't Care)
end state

@@@
state before cycle 4 starts:
	pc = 4
	data memory:
		dataMem[ 0 ] = 8454147
		dataMem[ 1 ] = 12648449
		dataMem[ 2 ] = 25165824
		dataMem[ 3 ] = 12345
	registers:
		reg[ 0 ] = 0
		reg[ 1 ] = 0
		reg[ 2 ] = 0
		reg[ 3 ] = 0
		reg[ 4 ] = 0
		reg[ 5 ] = 0
		reg[ 6 ] = 0
		reg[ 7 ] = 0
	IF/ID pipeline register:
		instruction = 12345 ( add 0 0 12345 )
		pcPlus1 = 4
	ID/EX pipeline register:
		instruction = 25165824 ( halt )
		pcPlus1 = 3
		readRegA = 0 (Don't Care)
		readRegB = 0 (Don't Care)
		offset = 0 (Don't Care)
	EX/MEM pipeline register:
		instruction = 12648449 ( sw 0 1 1 )
		branchTarget 3 (Don't Care)
		eq ? False (Don't Care)
		aluResult = 1
		readRegB = 0
	MEM/WB pipeline register:
		instruction = 8454147 ( lw 0 1 3 )
		writeData = 12345
	WB/END pipeline register:
		instruction = 29360128 ( noop )
		writeData = 0 (Don't Care)
end state

@@@
state before cycle 5 starts:
	pc = 5
	data memory:
		dataMem[ 0 ] = 8454147
		dataMem[ 1 ] = 12648449
		dataMem[ 2 ] = 25165824
		dataMem[ 3 ] = 12345
	registers:
		reg[ 0 ] = 0
		reg[ 1 ] = 12345
		reg[ 2 ] = 0
		reg[ 3 ] = 0
		reg[ 4 ] = 0
		reg[ 5 ] = 0
		reg[ 6 ] = 0
		reg[ 7 ] = 0
	IF/ID pipeline register:
		instruction = 0 ( add 0 0 0 )
		pcPlus1 = 5
	ID/EX pipeline register:
		instruction = 12345 ( add 0 0 12345 )
		pcPlus1 = 4
		readRegA = 0
		readRegB = 0
		offset = 12345 (Don't Care)
	EX/MEM pipeline register:
		instruction = 25165824 ( halt )
		branchTarget 3 (Don't Care)
		eq ? False (Don't Care)
		aluResult = 1 (Don't Care)
		readRegB = 0 (Don't Care)
	MEM/WB pipeline register:
		instruction = 12648449 ( sw 0 1 1 )
		writeData = 0 (Don't Care)
	WB/END pipeline register:
		instruction = 8454147 ( lw 0 1 3 )
		writeData = 12345
end state
machine halted
total of 6 cycles executed
final state of machine:

@@@
state before cycle 6 starts:
	pc = 6
	data memory:
		dataMem[ 0 ] = 8454147
		dataMem[ 1 ] = 0
		dataMem[ 2 ] = 25165824
		dataMem[ 3 ] = 12345
	registers:
		reg[ 0 ] = 0
		reg[ 1 ] = 12345
		reg[ 2 ] = 0
		reg[ 3 ] = 0
		reg[ 4 ] = 0
		reg[ 5 ] = 0
		reg[ 6 ] = 0
		reg[ 7 ] = 0
	IF/ID pipeline register:
		instruction = 0 ( add 0 0 0 )
		pcPlus1 = 6
	ID/EX pipeline register:
		instruction = 0 ( add 0 0 0 )
		pcPlus1 = 5
		readRegA = 0
		readRegB = 0
		offset = 0 (Don't Care)
	EX/MEM pipeline register:
		instruction = 12345 ( add 0 0 12345 )
		branchTarget 12349 (Don't Care)
		eq ? False (Don't Care)
		aluResult = 0
		readRegB = 0 (Don't Care)
	MEM/WB pipeline register:
		instruction = 25165824 ( halt )
		writeData = 0 (Don't Care)
	WB/END pipeline register:
		instruction = 12648449 ( sw 0 1 1 )
		writeData = 0 (Don't Care)
end state
